2020-06-02 19:22:41,724 INFO (StartupInfoLogger.java:55)- Starting DjlogisticsWebApplication on LAPTOP-AJI0RPAF with PID 5476 (E:\expressage\djlogistics-web\target\classes started by FYQ in E:\expressage)
2020-06-02 19:22:41,725 DEBUG (StartupInfoLogger.java:56)- Running with Spring Boot v2.3.0.RELEASE, Spring v5.2.6.RELEASE
2020-06-02 19:22:41,725 INFO (SpringApplication.java:651)- No active profile set, falling back to default profiles: default
2020-06-02 19:22:48,785 INFO (StartupInfoLogger.java:61)- Started DjlogisticsWebApplication in 8.127 seconds (JVM running for 12.617)
2020-06-02 19:23:05,504 DEBUG (BaseJdbcLogger.java:159)- ==>  Preparing: SELECT count(0) FROM upper_plate u, `destination` d, `order` o, specificroute r1, specificroute r2, packagingtype p, typeofgoods g, customer c, customs_declaration_method cdm WHERE u.destination = d.did AND u.order_number = o.oid AND o.packing_type = p.pid AND o.goods_type = g.tid AND o.specify_the_route = r1.id AND o.take_the_cargo_route = r2.id AND o.customer_id = c.cid AND u.customs_declaration_method = cdm.cid 
2020-06-02 19:23:05,583 DEBUG (BaseJdbcLogger.java:159)- ==> Parameters: 
2020-06-02 19:23:05,637 DEBUG (BaseJdbcLogger.java:159)- <==      Total: 1
2020-06-02 19:23:05,666 DEBUG (BaseJdbcLogger.java:159)- ==>  Preparing: SELECT u.*,cdm.customs_declaration_method cdm_name,o.*,d.name dname,p.pname packing_type_name,g.tname goods_type_name, r1.route_name specify_the_route_name,r2.route_name take_the_cargo_route_name,c.name cname FROM upper_plate u,`destination` d,`order` o,specificroute r1,specificroute r2,packagingtype p,typeofgoods g,customer c,customs_declaration_method cdm WHERE u.destination=d.did AND u.order_number=o.oid AND o.packing_type=p.pid AND o.goods_type=g.tid AND o.specify_the_route=r1.id AND o.take_the_cargo_route=r2.id AND o.customer_id=c.cid AND u.customs_declaration_method=cdm.cid LIMIT ? 
2020-06-02 19:23:05,669 DEBUG (BaseJdbcLogger.java:159)- ==> Parameters: 1(Integer)
2020-06-02 19:23:05,684 DEBUG (BaseJdbcLogger.java:159)- <==      Total: 1
2020-06-02 19:23:08,889 DEBUG (BaseJdbcLogger.java:159)- ==>  Preparing: SELECT count(0) FROM upper_plate u, `destination` d, `order` o, specificroute r1, specificroute r2, packagingtype p, typeofgoods g, customer c, customs_declaration_method cdm WHERE u.destination = d.did AND u.order_number = o.oid AND o.packing_type = p.pid AND o.goods_type = g.tid AND o.specify_the_route = r1.id AND o.take_the_cargo_route = r2.id AND o.customer_id = c.cid AND u.customs_declaration_method = cdm.cid 
2020-06-02 19:23:08,891 DEBUG (BaseJdbcLogger.java:159)- ==> Parameters: 
2020-06-02 19:23:08,892 DEBUG (BaseJdbcLogger.java:159)- <==      Total: 1
2020-06-02 19:23:08,894 DEBUG (BaseJdbcLogger.java:159)- ==>  Preparing: SELECT u.*,cdm.customs_declaration_method cdm_name,o.*,d.name dname,p.pname packing_type_name,g.tname goods_type_name, r1.route_name specify_the_route_name,r2.route_name take_the_cargo_route_name,c.name cname FROM upper_plate u,`destination` d,`order` o,specificroute r1,specificroute r2,packagingtype p,typeofgoods g,customer c,customs_declaration_method cdm WHERE u.destination=d.did AND u.order_number=o.oid AND o.packing_type=p.pid AND o.goods_type=g.tid AND o.specify_the_route=r1.id AND o.take_the_cargo_route=r2.id AND o.customer_id=c.cid AND u.customs_declaration_method=cdm.cid LIMIT ?, ? 
2020-06-02 19:23:08,896 DEBUG (BaseJdbcLogger.java:159)- ==> Parameters: 1(Integer), 1(Integer)
2020-06-02 19:23:08,902 DEBUG (BaseJdbcLogger.java:159)- <==      Total: 1
2020-06-02 19:23:09,589 DEBUG (BaseJdbcLogger.java:159)- ==>  Preparing: SELECT count(0) FROM upper_plate u, `destination` d, `order` o, specificroute r1, specificroute r2, packagingtype p, typeofgoods g, customer c, customs_declaration_method cdm WHERE u.destination = d.did AND u.order_number = o.oid AND o.packing_type = p.pid AND o.goods_type = g.tid AND o.specify_the_route = r1.id AND o.take_the_cargo_route = r2.id AND o.customer_id = c.cid AND u.customs_declaration_method = cdm.cid 
2020-06-02 19:23:09,591 DEBUG (BaseJdbcLogger.java:159)- ==> Parameters: 
2020-06-02 19:23:09,592 DEBUG (BaseJdbcLogger.java:159)- <==      Total: 1
2020-06-02 19:23:09,596 DEBUG (BaseJdbcLogger.java:159)- ==>  Preparing: SELECT u.*,cdm.customs_declaration_method cdm_name,o.*,d.name dname,p.pname packing_type_name,g.tname goods_type_name, r1.route_name specify_the_route_name,r2.route_name take_the_cargo_route_name,c.name cname FROM upper_plate u,`destination` d,`order` o,specificroute r1,specificroute r2,packagingtype p,typeofgoods g,customer c,customs_declaration_method cdm WHERE u.destination=d.did AND u.order_number=o.oid AND o.packing_type=p.pid AND o.goods_type=g.tid AND o.specify_the_route=r1.id AND o.take_the_cargo_route=r2.id AND o.customer_id=c.cid AND u.customs_declaration_method=cdm.cid LIMIT ?, ? 
2020-06-02 19:23:09,597 DEBUG (BaseJdbcLogger.java:159)- ==> Parameters: 2(Integer), 1(Integer)
2020-06-02 19:23:09,600 DEBUG (BaseJdbcLogger.java:159)- <==      Total: 1
